<?xml version="1.0" encoding="UTF-8"?>
<!-- Generated by org.testng.reporters.JUnitReportReporter -->
<testsuite hostname="DESKTOP-FFI3KFC" failures="0" tests="1" name="driverFactory.AppTest" time="113.179" errors="0" timestamp="2024-11-21T12:15:42 IST" skipped="0">
  <testcase classname="driverFactory.AppTest" name="kickStart" time="113.179">
    <system-out>
      <![CDATA[No of rows are::4
Stock-000003608   Stock-000003608
Supplier-00000007691         Supplier-00000007691]]>
    </system-out>
  </testcase> <!-- kickStart -->
  <system-out>
    <![CDATA[No of rows are::4
Stock-000003608   Stock-000003608
Supplier-00000007691         Supplier-00000007691]]>
  </system-out>
</testsuite> <!-- driverFactory.AppTest -->
