<?xml version="1.0" encoding="UTF-8"?>
<!-- Generated by org.testng.reporters.JUnitReportReporter -->
<testsuite hostname="DESKTOP-FFI3KFC" failures="0" tests="1" name="driverFactory.AppTest" time="43.073" errors="0" timestamp="2024-11-19T12:29:54 IST" skipped="0">
  <testcase classname="driverFactory.AppTest" name="kickStart" time="43.073">
    <system-out>
      <![CDATA[No of rows are::4
Supplier-00000007549         Supplier-00000007549]]>
    </system-out>
  </testcase> <!-- kickStart -->
  <system-out>
    <![CDATA[No of rows are::4
Supplier-00000007549         Supplier-00000007549]]>
  </system-out>
</testsuite> <!-- driverFactory.AppTest -->
